<?xml version="1.0" encoding="UTF-8"?>
<!-- Generated by org.testng.reporters.JUnitReportReporter -->
<testsuite hostname="DESKTOP-KDKJ11Q" failures="0" tests="1" name="com.tests.gitHubTest.GetRepo" time="2.087" errors="0" timestamp="2023-11-30T11:35:22 PST" skipped="0">
  <testcase classname="com.tests.gitHubTest.GetRepo" name="getRepo" time="2.087"/>
  <system-out/>
</testsuite> <!-- com.tests.gitHubTest.GetRepo -->
